[debug] [2021-09-06T06:25:56.065Z] ----------------------------------------------------------------------
[debug] [2021-09-06T06:25:56.067Z] Command:       C:\Program Files\nodejs\node.exe C:\Users\z00423yc\AppData\Roaming\npm\node_modules\firebase-tools\lib\bin\firebase.js serve
[debug] [2021-09-06T06:25:56.068Z] CLI Version:   9.17.0
[debug] [2021-09-06T06:25:56.068Z] Platform:      win32
[debug] [2021-09-06T06:25:56.068Z] Node Version:  v14.17.5
[debug] [2021-09-06T06:25:56.069Z] Time:          Mon Sep 06 2021 07:25:56 GMT+0100 (British Summer Time)
[debug] [2021-09-06T06:25:56.069Z] ----------------------------------------------------------------------
[debug] 
[debug] [2021-09-06T06:25:56.125Z] > command requires scopes: ["email","openid","https://www.googleapis.com/auth/cloudplatformprojects.readonly","https://www.googleapis.com/auth/firebase","https://www.googleapis.com/auth/cloud-platform"]
[debug] [2021-09-06T06:25:56.125Z] > authorizing via signed-in user (nikhil@nodemap.io)
[debug] [2021-09-06T06:25:56.126Z] [iam] checking project nodemap-app for permissions ["firebase.projects.get"]
[debug] [2021-09-06T06:25:56.128Z] > refreshing access token with scopes: ["email","https://www.googleapis.com/auth/cloud-platform","https://www.googleapis.com/auth/cloudplatformprojects.readonly","https://www.googleapis.com/auth/firebase","openid"]
[debug] [2021-09-06T06:25:56.128Z] >>> HTTP REQUEST POST https://www.googleapis.com/oauth2/v3/token  
 <request body omitted>
[debug] [2021-09-06T06:25:56.375Z] <<< HTTP RESPONSE 200 {"expires":"Mon, 01 Jan 1990 00:00:00 GMT","pragma":"no-cache","date":"Mon, 06 Sep 2021 06:25:56 GMT","cache-control":"no-cache, no-store, max-age=0, must-revalidate","content-type":"application/json; charset=utf-8","vary":"X-Origin, Referer, Origin,Accept-Encoding","server":"scaffolding on HTTPServer2","x-xss-protection":"0","x-frame-options":"SAMEORIGIN","x-content-type-options":"nosniff","alt-svc":"h3=\":443\"; ma=2592000,h3-29=\":443\"; ma=2592000,h3-T051=\":443\"; ma=2592000,h3-Q050=\":443\"; ma=2592000,h3-Q046=\":443\"; ma=2592000,h3-Q043=\":443\"; ma=2592000,quic=\":443\"; ma=2592000; v=\"46,43\"","accept-ranges":"none","transfer-encoding":"chunked"}
[debug] [2021-09-06T06:25:56.393Z] >>> HTTP REQUEST POST https://cloudresourcemanager.googleapis.com/v1/projects/nodemap-app:testIamPermissions  
 {"permissions":["firebase.projects.get"]}
[debug] [2021-09-06T06:25:56.673Z] <<< HTTP RESPONSE 200 {"content-type":"application/json; charset=UTF-8","vary":"X-Origin, Referer, Origin,Accept-Encoding","date":"Mon, 06 Sep 2021 06:25:57 GMT","server":"ESF","cache-control":"private","x-xss-protection":"0","x-frame-options":"SAMEORIGIN","x-content-type-options":"nosniff","server-timing":"gfet4t7; dur=123","alt-svc":"h3=\":443\"; ma=2592000,h3-29=\":443\"; ma=2592000,h3-T051=\":443\"; ma=2592000,h3-Q050=\":443\"; ma=2592000,h3-Q046=\":443\"; ma=2592000,h3-Q043=\":443\"; ma=2592000,quic=\":443\"; ma=2592000; v=\"46,43\"","accept-ranges":"none","transfer-encoding":"chunked"}
[debug] [2021-09-06T06:25:56.675Z] > refreshing access token with scopes: []
[debug] [2021-09-06T06:25:56.675Z] >>> HTTP REQUEST POST https://www.googleapis.com/oauth2/v3/token  
 <request body omitted>
[debug] [2021-09-06T06:25:56.817Z] <<< HTTP RESPONSE 200 {"expires":"Mon, 01 Jan 1990 00:00:00 GMT","date":"Mon, 06 Sep 2021 06:25:57 GMT","pragma":"no-cache","cache-control":"no-cache, no-store, max-age=0, must-revalidate","content-type":"application/json; charset=utf-8","vary":"X-Origin, Referer, Origin,Accept-Encoding","server":"scaffolding on HTTPServer2","x-xss-protection":"0","x-frame-options":"SAMEORIGIN","x-content-type-options":"nosniff","alt-svc":"h3=\":443\"; ma=2592000,h3-29=\":443\"; ma=2592000,h3-T051=\":443\"; ma=2592000,h3-Q050=\":443\"; ma=2592000,h3-Q046=\":443\"; ma=2592000,h3-Q043=\":443\"; ma=2592000,quic=\":443\"; ma=2592000; v=\"46,43\"","accept-ranges":"none","transfer-encoding":"chunked"}
[debug] [2021-09-06T06:25:56.834Z] >>> [apiv2][query] GET https://firebase.googleapis.com/v1beta1/projects/nodemap-app [none]
[debug] [2021-09-06T06:25:57.137Z] <<< [apiv2][status] GET https://firebase.googleapis.com/v1beta1/projects/nodemap-app 200
[debug] [2021-09-06T06:25:57.137Z] <<< [apiv2][body] GET https://firebase.googleapis.com/v1beta1/projects/nodemap-app {"projectId":"nodemap-app","projectNumber":"1066002610989","displayName":"Nodemap app","name":"projects/nodemap-app","resources":{"hostingSite":"nodemap-app","storageBucket":"nodemap-app.appspot.com","locationId":"europe-west"},"state":"ACTIVE"}
[info] 
[info] === Serving from 'C:\UserData\z00423yc\Documents\GitHub\d3_nodemap'...
[info] 
[debug] [2021-09-06T06:25:57.144Z] >>> [apiv2][query] GET https://firebasehosting.googleapis.com/v1beta1/projects/nodemap-app/sites 
[warn] !  Your requested "node" version "12" doesn't match your global version "14" {"metadata":{"emulator":{"name":"functions"},"message":"Your requested \"node\" version \"12\" doesn't match your global version \"14\""}}
[debug] [2021-09-06T06:25:57.157Z] defaultcredentials: writing to file C:\Users\z00423yc\AppData\Roaming\firebase\nikhil_nodemap_io_application_default_credentials.json
[debug] [2021-09-06T06:25:57.159Z] Setting GAC to C:\Users\z00423yc\AppData\Roaming\firebase\nikhil_nodemap_io_application_default_credentials.json {"metadata":{"emulator":{"name":"functions"},"message":"Setting GAC to C:\\Users\\z00423yc\\AppData\\Roaming\\firebase\\nikhil_nodemap_io_application_default_credentials.json"}}
[debug] [2021-09-06T06:25:57.159Z] >>> [apiv2][query] GET https://firebase.googleapis.com/v1beta1/projects/nodemap-app/adminSdkConfig [none]
[debug] [2021-09-06T06:25:57.513Z] <<< [apiv2][status] GET https://firebase.googleapis.com/v1beta1/projects/nodemap-app/adminSdkConfig 200
[debug] [2021-09-06T06:25:57.514Z] <<< [apiv2][body] GET https://firebase.googleapis.com/v1beta1/projects/nodemap-app/adminSdkConfig {"projectId":"nodemap-app","storageBucket":"nodemap-app.appspot.com","locationId":"europe-west"}
[debug] [2021-09-06T06:25:58.089Z] <<< [apiv2][status] GET https://firebasehosting.googleapis.com/v1beta1/projects/nodemap-app/sites 200
[debug] [2021-09-06T06:25:58.089Z] <<< [apiv2][body] GET https://firebasehosting.googleapis.com/v1beta1/projects/nodemap-app/sites {"sites":[{"name":"projects/1066002610989/sites/nodemap-app","defaultUrl":"https://nodemap-app.web.app","appId":"1:1066002610989:web:6136fbcaf16554fb4031a4","type":"DEFAULT_SITE"}]}
[debug] [2021-09-06T06:25:58.090Z] >>> [apiv2][query] GET https://firebase.googleapis.com/v1beta1/projects/nodemap-app/webApps/1:1066002610989:web:6136fbcaf16554fb4031a4/config [none]
[debug] [2021-09-06T06:25:58.998Z] <<< [apiv2][status] GET https://firebase.googleapis.com/v1beta1/projects/nodemap-app/webApps/1:1066002610989:web:6136fbcaf16554fb4031a4/config 200
[debug] [2021-09-06T06:25:58.998Z] <<< [apiv2][body] GET https://firebase.googleapis.com/v1beta1/projects/nodemap-app/webApps/1:1066002610989:web:6136fbcaf16554fb4031a4/config {"projectId":"nodemap-app","appId":"1:1066002610989:web:6136fbcaf16554fb4031a4","storageBucket":"nodemap-app.appspot.com","locationId":"europe-west","apiKey":"AIzaSyCUzsoeXiMaMNekQnH-nK8pZkvcmfttVSI","authDomain":"nodemap-app.firebaseapp.com","messagingSenderId":"1066002610989","measurementId":"G-6NN3D93WVH"}
[info] i  functions: Watching "C:\UserData\z00423yc\Documents\GitHub\d3_nodemap\functions" for Cloud Functions... {"metadata":{"emulator":{"name":"functions"},"message":"Watching \"C:\\UserData\\z00423yc\\Documents\\GitHub\\d3_nodemap\\functions\" for Cloud Functions..."}}
[debug] [2021-09-06T06:25:59.047Z] [worker-pool] addWorker(~diagnostic~) {"metadata":{"emulator":{"name":"functions"},"message":"[worker-pool] addWorker(~diagnostic~)"}}
[debug] [2021-09-06T06:25:59.047Z] [worker-pool] Adding worker with key ~diagnostic~, total=1 {"metadata":{"emulator":{"name":"functions"},"message":"[worker-pool] Adding worker with key ~diagnostic~, total=1"}}
[debug] [2021-09-06T06:25:59.047Z] [worker-pool] submitWork(triggerId=) {"metadata":{"emulator":{"name":"functions"},"message":"[worker-pool] submitWork(triggerId=)"}}
[debug] [2021-09-06T06:25:59.047Z] [worker-~diagnostic~-63736719-1519-4231-9454-f664d9b0afd3]: Assigning socketPath: \\?\pipe\C:\UserData\z00423yc\Documents\GitHub\d3_nodemap\functions\23720 {"metadata":{"emulator":{"name":"functions"},"message":"[worker-~diagnostic~-63736719-1519-4231-9454-f664d9b0afd3]: Assigning socketPath: \\\\?\\pipe\\C:\\UserData\\z00423yc\\Documents\\GitHub\\d3_nodemap\\functions\\23720"}}
[debug] [2021-09-06T06:25:59.048Z] [worker-~diagnostic~-63736719-1519-4231-9454-f664d9b0afd3]: BUSY {"metadata":{"emulator":{"name":"functions"},"message":"[worker-~diagnostic~-63736719-1519-4231-9454-f664d9b0afd3]: BUSY"}}
[info] i  hosting: Serving hosting files from: build {"metadata":{"emulator":{"name":"hosting"},"message":"Serving hosting files from: \u001b[1mbuild\u001b[22m"}}
[info] +  hosting: Local server: http://localhost:5000 {"metadata":{"emulator":{"name":"hosting"},"message":"Local server: \u001b[4m\u001b[1mhttp://localhost:5000\u001b[22m\u001b[24m"}}
[debug] [2021-09-06T06:25:59.496Z] [runtime-status] [23720] Functions runtime initialized. {"cwd":"C:\\UserData\\z00423yc\\Documents\\GitHub\\d3_nodemap\\functions","node_version":"14.17.5"} {"metadata":{"emulator":{"name":"functions"},"message":"[runtime-status] [23720] Functions runtime initialized. {\"cwd\":\"C:\\\\UserData\\\\z00423yc\\\\Documents\\\\GitHub\\\\d3_nodemap\\\\functions\",\"node_version\":\"14.17.5\"}"}}
[debug] [2021-09-06T06:25:59.498Z] [runtime-status] [23720] Disabled runtime features: undefined {"metadata":{"emulator":{"name":"functions"},"message":"[runtime-status] [23720] Disabled runtime features: undefined"}}
[debug] [2021-09-06T06:25:59.504Z] [runtime-status] [23720] Resolved module firebase-admin {"declared":true,"installed":true,"version":"9.10.0","resolution":"C:\\UserData\\z00423yc\\Documents\\GitHub\\d3_nodemap\\functions\\node_modules\\firebase-admin\\lib\\index.js"} {"metadata":{"emulator":{"name":"functions"},"message":"[runtime-status] [23720] Resolved module firebase-admin {\"declared\":true,\"installed\":true,\"version\":\"9.10.0\",\"resolution\":\"C:\\\\UserData\\\\z00423yc\\\\Documents\\\\GitHub\\\\d3_nodemap\\\\functions\\\\node_modules\\\\firebase-admin\\\\lib\\\\index.js\"}"}}
[debug] [2021-09-06T06:25:59.506Z] [runtime-status] [23720] Resolved module firebase-functions {"declared":true,"installed":true,"version":"3.14.1","resolution":"C:\\UserData\\z00423yc\\Documents\\GitHub\\d3_nodemap\\functions\\node_modules\\firebase-functions\\lib\\index.js"} {"metadata":{"emulator":{"name":"functions"},"message":"[runtime-status] [23720] Resolved module firebase-functions {\"declared\":true,\"installed\":true,\"version\":\"3.14.1\",\"resolution\":\"C:\\\\UserData\\\\z00423yc\\\\Documents\\\\GitHub\\\\d3_nodemap\\\\functions\\\\node_modules\\\\firebase-functions\\\\lib\\\\index.js\"}"}}
[debug] [2021-09-06T06:25:59.519Z] [runtime-status] [23720] Resolved module firebase-functions {"declared":true,"installed":true,"version":"3.14.1","resolution":"C:\\UserData\\z00423yc\\Documents\\GitHub\\d3_nodemap\\functions\\node_modules\\firebase-functions\\lib\\index.js"} {"metadata":{"emulator":{"name":"functions"},"message":"[runtime-status] [23720] Resolved module firebase-functions {\"declared\":true,\"installed\":true,\"version\":\"3.14.1\",\"resolution\":\"C:\\\\UserData\\\\z00423yc\\\\Documents\\\\GitHub\\\\d3_nodemap\\\\functions\\\\node_modules\\\\firebase-functions\\\\lib\\\\index.js\"}"}}
[debug] [2021-09-06T06:25:59.521Z] [runtime-status] [23720] Outgoing network have been stubbed. [{"name":"http","status":"mocked"},{"name":"http","status":"mocked"},{"name":"https","status":"mocked"},{"name":"https","status":"mocked"},{"name":"net","status":"mocked"}] {"metadata":{"emulator":{"name":"functions"},"message":"[runtime-status] [23720] Outgoing network have been stubbed. [{\"name\":\"http\",\"status\":\"mocked\"},{\"name\":\"http\",\"status\":\"mocked\"},{\"name\":\"https\",\"status\":\"mocked\"},{\"name\":\"https\",\"status\":\"mocked\"},{\"name\":\"net\",\"status\":\"mocked\"}]"}}
[debug] [2021-09-06T06:25:59.521Z] [runtime-status] [23720] Resolved module firebase-functions {"declared":true,"installed":true,"version":"3.14.1","resolution":"C:\\UserData\\z00423yc\\Documents\\GitHub\\d3_nodemap\\functions\\node_modules\\firebase-functions\\lib\\index.js"} {"metadata":{"emulator":{"name":"functions"},"message":"[runtime-status] [23720] Resolved module firebase-functions {\"declared\":true,\"installed\":true,\"version\":\"3.14.1\",\"resolution\":\"C:\\\\UserData\\\\z00423yc\\\\Documents\\\\GitHub\\\\d3_nodemap\\\\functions\\\\node_modules\\\\firebase-functions\\\\lib\\\\index.js\"}"}}
[debug] [2021-09-06T06:25:59.566Z] [runtime-status] [23720] Checked functions.config() {"config":{}} {"metadata":{"emulator":{"name":"functions"},"message":"[runtime-status] [23720] Checked functions.config() {\"config\":{}}"}}
[debug] [2021-09-06T06:25:59.566Z] [runtime-status] [23720] firebase-functions has been stubbed. {"functionsResolution":{"declared":true,"installed":true,"version":"3.14.1","resolution":"C:\\UserData\\z00423yc\\Documents\\GitHub\\d3_nodemap\\functions\\node_modules\\firebase-functions\\lib\\index.js"}} {"metadata":{"emulator":{"name":"functions"},"message":"[runtime-status] [23720] firebase-functions has been stubbed. {\"functionsResolution\":{\"declared\":true,\"installed\":true,\"version\":\"3.14.1\",\"resolution\":\"C:\\\\UserData\\\\z00423yc\\\\Documents\\\\GitHub\\\\d3_nodemap\\\\functions\\\\node_modules\\\\firebase-functions\\\\lib\\\\index.js\"}}"}}
[debug] [2021-09-06T06:25:59.566Z] [runtime-status] [23720] Resolved module firebase-functions {"declared":true,"installed":true,"version":"3.14.1","resolution":"C:\\UserData\\z00423yc\\Documents\\GitHub\\d3_nodemap\\functions\\node_modules\\firebase-functions\\lib\\index.js"} {"metadata":{"emulator":{"name":"functions"},"message":"[runtime-status] [23720] Resolved module firebase-functions {\"declared\":true,\"installed\":true,\"version\":\"3.14.1\",\"resolution\":\"C:\\\\UserData\\\\z00423yc\\\\Documents\\\\GitHub\\\\d3_nodemap\\\\functions\\\\node_modules\\\\firebase-functions\\\\lib\\\\index.js\"}"}}
[debug] [2021-09-06T06:25:59.568Z] [runtime-status] [23720] Resolved module firebase-admin {"declared":true,"installed":true,"version":"9.10.0","resolution":"C:\\UserData\\z00423yc\\Documents\\GitHub\\d3_nodemap\\functions\\node_modules\\firebase-admin\\lib\\index.js"} {"metadata":{"emulator":{"name":"functions"},"message":"[runtime-status] [23720] Resolved module firebase-admin {\"declared\":true,\"installed\":true,\"version\":\"9.10.0\",\"resolution\":\"C:\\\\UserData\\\\z00423yc\\\\Documents\\\\GitHub\\\\d3_nodemap\\\\functions\\\\node_modules\\\\firebase-admin\\\\lib\\\\index.js\"}"}}
[debug] [2021-09-06T06:25:59.568Z] [runtime-status] [23720] Resolved module firebase-functions {"declared":true,"installed":true,"version":"3.14.1","resolution":"C:\\UserData\\z00423yc\\Documents\\GitHub\\d3_nodemap\\functions\\node_modules\\firebase-functions\\lib\\index.js"} {"metadata":{"emulator":{"name":"functions"},"message":"[runtime-status] [23720] Resolved module firebase-functions {\"declared\":true,\"installed\":true,\"version\":\"3.14.1\",\"resolution\":\"C:\\\\UserData\\\\z00423yc\\\\Documents\\\\GitHub\\\\d3_nodemap\\\\functions\\\\node_modules\\\\firebase-functions\\\\lib\\\\index.js\"}"}}
[debug] [2021-09-06T06:25:59.569Z] [runtime-status] [23720] firebase-admin has been stubbed. {"adminResolution":{"declared":true,"installed":true,"version":"9.10.0","resolution":"C:\\UserData\\z00423yc\\Documents\\GitHub\\d3_nodemap\\functions\\node_modules\\firebase-admin\\lib\\index.js"}} {"metadata":{"emulator":{"name":"functions"},"message":"[runtime-status] [23720] firebase-admin has been stubbed. {\"adminResolution\":{\"declared\":true,\"installed\":true,\"version\":\"9.10.0\",\"resolution\":\"C:\\\\UserData\\\\z00423yc\\\\Documents\\\\GitHub\\\\d3_nodemap\\\\functions\\\\node_modules\\\\firebase-admin\\\\lib\\\\index.js\"}}"}}
[debug] [2021-09-06T06:25:59.706Z] [runtime-status] [23720] initializeApp(DEFAULT) {"apiKey":"AIzaSyCUzsoeXiMaMNekQnH-nK8pZkvcmfttVSI","authDomain":"nodemap-app.firebaseapp.com","projectId":"nodemap-app","storageBucket":"nodemap-app.appspot.com","messagingSenderId":"1066002610989","appId":"1:1066002610989:web:6136fbcaf16554fb4031a4","measurementId":"G-6NN3D93WVH"} {"metadata":{"emulator":{"name":"functions"},"message":"[runtime-status] [23720] initializeApp(DEFAULT) {\"apiKey\":\"AIzaSyCUzsoeXiMaMNekQnH-nK8pZkvcmfttVSI\",\"authDomain\":\"nodemap-app.firebaseapp.com\",\"projectId\":\"nodemap-app\",\"storageBucket\":\"nodemap-app.appspot.com\",\"messagingSenderId\":\"1066002610989\",\"appId\":\"1:1066002610989:web:6136fbcaf16554fb4031a4\",\"measurementId\":\"G-6NN3D93WVH\"}"}}
[info] +  functions[us-central1-api-api]: http function initialized (http://localhost:5001/nodemap-app/us-central1/api-api). {"metadata":{"emulator":{"name":"functions"},"message":"\u001b[1mhttp\u001b[22m function initialized (http://localhost:5001/nodemap-app/us-central1/api-api)."}}
[debug] [2021-09-06T06:25:59.729Z] addAuthTrigger {"eventTrigger":{"resource":"projects/nodemap-app","eventType":"providers/firebase.auth/eventTypes/user.create","service":"firebaseauth.googleapis.com"}}
[info] +  functions[us-central1-signup-signup]: auth function initialized. {"metadata":{"emulator":{"name":"functions"},"message":"\u001b[1mauth\u001b[22m function initialized."}}
[info] i  functions[us-central1-creators-accountTypeNotion]: function ignored because the firestore emulator does not exist or is not running. {"metadata":{"emulator":{"name":"functions"},"message":"function ignored because the firestore emulator does not exist or is not running."}}
[info] i  functions[us-central1-createBrainstormSpaceDaily-createBrainstormSpaceDaily]: function ignored because the pubsub emulator does not exist or is not running. {"metadata":{"emulator":{"name":"functions"},"message":"function ignored because the pubsub emulator does not exist or is not running."}}
[debug] [2021-09-06T06:25:59.732Z] [worker-~diagnostic~-63736719-1519-4231-9454-f664d9b0afd3]: IDLE {"metadata":{"emulator":{"name":"functions"},"message":"[worker-~diagnostic~-63736719-1519-4231-9454-f664d9b0afd3]: IDLE"}}
[debug] [2021-09-06T06:26:20.954Z] [work-queue] {"queueLength":1,"workRunningCount":0}
[debug] [2021-09-06T06:26:20.954Z] [work-queue] {"queueLength":0,"workRunningCount":1}
[debug] [2021-09-06T06:26:20.954Z] Accepted request GET /nodemap-app/us-central1/api-api/plans?user=Demo1 --> us-central1-api-api
[debug] [2021-09-06T06:26:20.965Z] [worker-pool] addWorker(us-central1-api-api) {"metadata":{"emulator":{"name":"functions"},"message":"[worker-pool] addWorker(us-central1-api-api)"}}
[debug] [2021-09-06T06:26:20.966Z] [worker-pool] Adding worker with key us-central1-api-api, total=1 {"metadata":{"emulator":{"name":"functions"},"message":"[worker-pool] Adding worker with key us-central1-api-api, total=1"}}
[debug] [2021-09-06T06:26:20.966Z] [worker-pool] submitWork(triggerId=us-central1-api-api) {"metadata":{"emulator":{"name":"functions"},"message":"[worker-pool] submitWork(triggerId=us-central1-api-api)"}}
[debug] [2021-09-06T06:26:20.966Z] [worker-us-central1-api-api-d09265aa-38d3-40d0-a30e-eb56d3169bdd]: Assigning socketPath: \\?\pipe\C:\UserData\z00423yc\Documents\GitHub\d3_nodemap\functions\35324 {"metadata":{"emulator":{"name":"functions"},"message":"[worker-us-central1-api-api-d09265aa-38d3-40d0-a30e-eb56d3169bdd]: Assigning socketPath: \\\\?\\pipe\\C:\\UserData\\z00423yc\\Documents\\GitHub\\d3_nodemap\\functions\\35324"}}
[debug] [2021-09-06T06:26:20.966Z] [worker-us-central1-api-api-d09265aa-38d3-40d0-a30e-eb56d3169bdd]: BUSY {"metadata":{"emulator":{"name":"functions"},"message":"[worker-us-central1-api-api-d09265aa-38d3-40d0-a30e-eb56d3169bdd]: BUSY"}}
[debug] [2021-09-06T06:26:21.464Z] [runtime-status] [35324] Functions runtime initialized. {"cwd":"C:\\UserData\\z00423yc\\Documents\\GitHub\\d3_nodemap\\functions","node_version":"14.17.5"} {"metadata":{"emulator":{"name":"functions"},"function":{"name":"us-central1-api-api"},"message":"[runtime-status] [35324] Functions runtime initialized. {\"cwd\":\"C:\\\\UserData\\\\z00423yc\\\\Documents\\\\GitHub\\\\d3_nodemap\\\\functions\",\"node_version\":\"14.17.5\"}"}}
[debug] [2021-09-06T06:26:21.466Z] [runtime-status] [35324] Disabled runtime features: undefined {"metadata":{"emulator":{"name":"functions"},"function":{"name":"us-central1-api-api"},"message":"[runtime-status] [35324] Disabled runtime features: undefined"}}
[debug] [2021-09-06T06:26:21.471Z] [runtime-status] [35324] Resolved module firebase-admin {"declared":true,"installed":true,"version":"9.10.0","resolution":"C:\\UserData\\z00423yc\\Documents\\GitHub\\d3_nodemap\\functions\\node_modules\\firebase-admin\\lib\\index.js"} {"metadata":{"emulator":{"name":"functions"},"function":{"name":"us-central1-api-api"},"message":"[runtime-status] [35324] Resolved module firebase-admin {\"declared\":true,\"installed\":true,\"version\":\"9.10.0\",\"resolution\":\"C:\\\\UserData\\\\z00423yc\\\\Documents\\\\GitHub\\\\d3_nodemap\\\\functions\\\\node_modules\\\\firebase-admin\\\\lib\\\\index.js\"}"}}
[debug] [2021-09-06T06:26:21.475Z] [runtime-status] [35324] Resolved module firebase-functions {"declared":true,"installed":true,"version":"3.14.1","resolution":"C:\\UserData\\z00423yc\\Documents\\GitHub\\d3_nodemap\\functions\\node_modules\\firebase-functions\\lib\\index.js"} {"metadata":{"emulator":{"name":"functions"},"function":{"name":"us-central1-api-api"},"message":"[runtime-status] [35324] Resolved module firebase-functions {\"declared\":true,\"installed\":true,\"version\":\"3.14.1\",\"resolution\":\"C:\\\\UserData\\\\z00423yc\\\\Documents\\\\GitHub\\\\d3_nodemap\\\\functions\\\\node_modules\\\\firebase-functions\\\\lib\\\\index.js\"}"}}
[debug] [2021-09-06T06:26:21.477Z] [runtime-status] [35324] Resolved module firebase-functions {"declared":true,"installed":true,"version":"3.14.1","resolution":"C:\\UserData\\z00423yc\\Documents\\GitHub\\d3_nodemap\\functions\\node_modules\\firebase-functions\\lib\\index.js"} {"metadata":{"emulator":{"name":"functions"},"function":{"name":"us-central1-api-api"},"message":"[runtime-status] [35324] Resolved module firebase-functions {\"declared\":true,\"installed\":true,\"version\":\"3.14.1\",\"resolution\":\"C:\\\\UserData\\\\z00423yc\\\\Documents\\\\GitHub\\\\d3_nodemap\\\\functions\\\\node_modules\\\\firebase-functions\\\\lib\\\\index.js\"}"}}
[debug] [2021-09-06T06:26:21.479Z] [runtime-status] [35324] Outgoing network have been stubbed. [{"name":"http","status":"mocked"},{"name":"http","status":"mocked"},{"name":"https","status":"mocked"},{"name":"https","status":"mocked"},{"name":"net","status":"mocked"}] {"metadata":{"emulator":{"name":"functions"},"function":{"name":"us-central1-api-api"},"message":"[runtime-status] [35324] Outgoing network have been stubbed. [{\"name\":\"http\",\"status\":\"mocked\"},{\"name\":\"http\",\"status\":\"mocked\"},{\"name\":\"https\",\"status\":\"mocked\"},{\"name\":\"https\",\"status\":\"mocked\"},{\"name\":\"net\",\"status\":\"mocked\"}]"}}
[debug] [2021-09-06T06:26:21.480Z] [runtime-status] [35324] Resolved module firebase-functions {"declared":true,"installed":true,"version":"3.14.1","resolution":"C:\\UserData\\z00423yc\\Documents\\GitHub\\d3_nodemap\\functions\\node_modules\\firebase-functions\\lib\\index.js"} {"metadata":{"emulator":{"name":"functions"},"function":{"name":"us-central1-api-api"},"message":"[runtime-status] [35324] Resolved module firebase-functions {\"declared\":true,\"installed\":true,\"version\":\"3.14.1\",\"resolution\":\"C:\\\\UserData\\\\z00423yc\\\\Documents\\\\GitHub\\\\d3_nodemap\\\\functions\\\\node_modules\\\\firebase-functions\\\\lib\\\\index.js\"}"}}
[debug] [2021-09-06T06:26:21.526Z] [runtime-status] [35324] Checked functions.config() {"config":{}} {"metadata":{"emulator":{"name":"functions"},"function":{"name":"us-central1-api-api"},"message":"[runtime-status] [35324] Checked functions.config() {\"config\":{}}"}}
[debug] [2021-09-06T06:26:21.527Z] [runtime-status] [35324] firebase-functions has been stubbed. {"functionsResolution":{"declared":true,"installed":true,"version":"3.14.1","resolution":"C:\\UserData\\z00423yc\\Documents\\GitHub\\d3_nodemap\\functions\\node_modules\\firebase-functions\\lib\\index.js"}} {"metadata":{"emulator":{"name":"functions"},"function":{"name":"us-central1-api-api"},"message":"[runtime-status] [35324] firebase-functions has been stubbed. {\"functionsResolution\":{\"declared\":true,\"installed\":true,\"version\":\"3.14.1\",\"resolution\":\"C:\\\\UserData\\\\z00423yc\\\\Documents\\\\GitHub\\\\d3_nodemap\\\\functions\\\\node_modules\\\\firebase-functions\\\\lib\\\\index.js\"}}"}}
[debug] [2021-09-06T06:26:21.527Z] [runtime-status] [35324] Resolved module firebase-functions {"declared":true,"installed":true,"version":"3.14.1","resolution":"C:\\UserData\\z00423yc\\Documents\\GitHub\\d3_nodemap\\functions\\node_modules\\firebase-functions\\lib\\index.js"} {"metadata":{"emulator":{"name":"functions"},"function":{"name":"us-central1-api-api"},"message":"[runtime-status] [35324] Resolved module firebase-functions {\"declared\":true,\"installed\":true,\"version\":\"3.14.1\",\"resolution\":\"C:\\\\UserData\\\\z00423yc\\\\Documents\\\\GitHub\\\\d3_nodemap\\\\functions\\\\node_modules\\\\firebase-functions\\\\lib\\\\index.js\"}"}}
[debug] [2021-09-06T06:26:21.529Z] [runtime-status] [35324] Resolved module firebase-admin {"declared":true,"installed":true,"version":"9.10.0","resolution":"C:\\UserData\\z00423yc\\Documents\\GitHub\\d3_nodemap\\functions\\node_modules\\firebase-admin\\lib\\index.js"} {"metadata":{"emulator":{"name":"functions"},"function":{"name":"us-central1-api-api"},"message":"[runtime-status] [35324] Resolved module firebase-admin {\"declared\":true,\"installed\":true,\"version\":\"9.10.0\",\"resolution\":\"C:\\\\UserData\\\\z00423yc\\\\Documents\\\\GitHub\\\\d3_nodemap\\\\functions\\\\node_modules\\\\firebase-admin\\\\lib\\\\index.js\"}"}}
[debug] [2021-09-06T06:26:21.529Z] [runtime-status] [35324] Resolved module firebase-functions {"declared":true,"installed":true,"version":"3.14.1","resolution":"C:\\UserData\\z00423yc\\Documents\\GitHub\\d3_nodemap\\functions\\node_modules\\firebase-functions\\lib\\index.js"} {"metadata":{"emulator":{"name":"functions"},"function":{"name":"us-central1-api-api"},"message":"[runtime-status] [35324] Resolved module firebase-functions {\"declared\":true,\"installed\":true,\"version\":\"3.14.1\",\"resolution\":\"C:\\\\UserData\\\\z00423yc\\\\Documents\\\\GitHub\\\\d3_nodemap\\\\functions\\\\node_modules\\\\firebase-functions\\\\lib\\\\index.js\"}"}}
[debug] [2021-09-06T06:26:21.529Z] [runtime-status] [35324] firebase-admin has been stubbed. {"adminResolution":{"declared":true,"installed":true,"version":"9.10.0","resolution":"C:\\UserData\\z00423yc\\Documents\\GitHub\\d3_nodemap\\functions\\node_modules\\firebase-admin\\lib\\index.js"}} {"metadata":{"emulator":{"name":"functions"},"function":{"name":"us-central1-api-api"},"message":"[runtime-status] [35324] firebase-admin has been stubbed. {\"adminResolution\":{\"declared\":true,\"installed\":true,\"version\":\"9.10.0\",\"resolution\":\"C:\\\\UserData\\\\z00423yc\\\\Documents\\\\GitHub\\\\d3_nodemap\\\\functions\\\\node_modules\\\\firebase-admin\\\\lib\\\\index.js\"}}"}}
[debug] [2021-09-06T06:26:21.703Z] [runtime-status] [35324] initializeApp(DEFAULT) {"apiKey":"AIzaSyCUzsoeXiMaMNekQnH-nK8pZkvcmfttVSI","authDomain":"nodemap-app.firebaseapp.com","projectId":"nodemap-app","storageBucket":"nodemap-app.appspot.com","messagingSenderId":"1066002610989","appId":"1:1066002610989:web:6136fbcaf16554fb4031a4","measurementId":"G-6NN3D93WVH"} {"metadata":{"emulator":{"name":"functions"},"function":{"name":"us-central1-api-api"},"message":"[runtime-status] [35324] initializeApp(DEFAULT) {\"apiKey\":\"AIzaSyCUzsoeXiMaMNekQnH-nK8pZkvcmfttVSI\",\"authDomain\":\"nodemap-app.firebaseapp.com\",\"projectId\":\"nodemap-app\",\"storageBucket\":\"nodemap-app.appspot.com\",\"messagingSenderId\":\"1066002610989\",\"appId\":\"1:1066002610989:web:6136fbcaf16554fb4031a4\",\"measurementId\":\"G-6NN3D93WVH\"}"}}
[debug] [2021-09-06T06:26:21.724Z] [runtime-status] [35324] Trigger "us-central1-api-api" has been found, beginning invocation! {"metadata":{"emulator":{"name":"functions"},"function":{"name":"us-central1-api-api"},"message":"[runtime-status] [35324] Trigger \"us-central1-api-api\" has been found, beginning invocation!"}}
[info] i  functions: Beginning execution of "us-central1-api-api" {"metadata":{"emulator":{"name":"functions"},"function":{"name":"us-central1-api-api"},"message":"Beginning execution of \"us-central1-api-api\""}}
[debug] [2021-09-06T06:26:21.725Z] [runtime-status] [35324] triggerDefinition {"httpsTrigger":{},"name":"api-api","entryPoint":"api.api","regions":["us-central1"],"region":"us-central1","id":"us-central1-api-api"} {"metadata":{"emulator":{"name":"functions"},"function":{"name":"us-central1-api-api"},"message":"[runtime-status] [35324] triggerDefinition {\"httpsTrigger\":{},\"name\":\"api-api\",\"entryPoint\":\"api.api\",\"regions\":[\"us-central1\"],\"region\":\"us-central1\",\"id\":\"us-central1-api-api\"}"}}
[debug] [2021-09-06T06:26:21.725Z] [runtime-status] [35324] Running us-central1-api-api in mode HTTPS {"metadata":{"emulator":{"name":"functions"},"function":{"name":"us-central1-api-api"},"message":"[runtime-status] [35324] Running us-central1-api-api in mode HTTPS"}}
[debug] [2021-09-06T06:26:21.730Z] [runtime-status] [35324] Attempting to listen to socketPath: \\?\pipe\C:\UserData\z00423yc\Documents\GitHub\d3_nodemap\functions\35324 {"metadata":{"emulator":{"name":"functions"},"function":{"name":"us-central1-api-api"},"message":"[runtime-status] [35324] Attempting to listen to socketPath: \\\\?\\pipe\\C:\\UserData\\z00423yc\\Documents\\GitHub\\d3_nodemap\\functions\\35324"}}
[debug] [2021-09-06T06:26:21.736Z] [functions] Runtime ready! Sending request! {"metadata":{"emulator":{"name":"functions"},"message":"[functions] Runtime ready! Sending request!"}}
[debug] [2021-09-06T06:26:21.737Z] [functions] Got req.url=/nodemap-app/us-central1/api-api/plans?user=Demo1, mapping to path=/plans?user=Demo1 {"metadata":{"emulator":{"name":"functions"},"message":"[functions] Got req.url=/nodemap-app/us-central1/api-api/plans?user=Demo1, mapping to path=/plans?user=Demo1"}}
[debug] [2021-09-06T06:26:21.748Z] [runtime-status] [35324] Ephemeral server handling GET request {"metadata":{"emulator":{"name":"functions"},"function":{"name":"us-central1-api-api"},"message":"[runtime-status] [35324] Ephemeral server handling GET request"}}
[warn] !  functions: The Cloud Firestore emulator is not running, so calls to Firestore will affect production. {"metadata":{"emulator":{"name":"functions"},"function":{"name":"us-central1-api-api"},"message":"The Cloud Firestore emulator is not running, so calls to Firestore will affect production."}}
[debug] [2021-09-06T06:26:21.807Z] [runtime-status] [35324] Ephemeral server survived. {"metadata":{"emulator":{"name":"functions"},"function":{"name":"us-central1-api-api"},"message":"[runtime-status] [35324] Ephemeral server survived."}}
[warn] !  Google API requested!
   - URL: "https://oauth2.googleapis.com/token"
   - Be careful, this may be a production service. {"metadata":{"emulator":{"name":"functions"},"function":{"name":"us-central1-api-api"},"message":"Google API requested!\n   - URL: \"https://oauth2.googleapis.com/token\"\n   - Be careful, this may be a production service."}}
[info] i  functions: Finished "us-central1-api-api" in ~1s {"metadata":{"emulator":{"name":"functions"},"function":{"name":"us-central1-api-api"},"message":"Finished \"us-central1-api-api\" in ~1s"}}
[debug] [2021-09-06T06:26:22.785Z] [worker-us-central1-api-api-d09265aa-38d3-40d0-a30e-eb56d3169bdd]: IDLE {"metadata":{"emulator":{"name":"functions"},"message":"[worker-us-central1-api-api-d09265aa-38d3-40d0-a30e-eb56d3169bdd]: IDLE"}}
[debug] [2021-09-06T06:26:22.786Z] [work-queue] {"queueLength":0,"workRunningCount":0}
[debug] [2021-09-06T06:26:22.790Z] [work-queue] {"queueLength":1,"workRunningCount":0}
[debug] [2021-09-06T06:26:22.791Z] [work-queue] {"queueLength":0,"workRunningCount":1}
[debug] [2021-09-06T06:26:22.791Z] Accepted request GET /nodemap-app/us-central1/api-api/plans/nodes?user=Demo1&title=Your%20first%20plan! --> us-central1-api-api
[debug] [2021-09-06T06:26:22.791Z] [worker-pool] submitWork(triggerId=us-central1-api-api) {"metadata":{"emulator":{"name":"functions"},"message":"[worker-pool] submitWork(triggerId=us-central1-api-api)"}}
[debug] [2021-09-06T06:26:22.791Z] [worker-us-central1-api-api-d09265aa-38d3-40d0-a30e-eb56d3169bdd]: Assigning socketPath: \\?\pipe\C:\UserData\z00423yc\Documents\GitHub\d3_nodemap\functions\35324 {"metadata":{"emulator":{"name":"functions"},"message":"[worker-us-central1-api-api-d09265aa-38d3-40d0-a30e-eb56d3169bdd]: Assigning socketPath: \\\\?\\pipe\\C:\\UserData\\z00423yc\\Documents\\GitHub\\d3_nodemap\\functions\\35324"}}
[debug] [2021-09-06T06:26:22.792Z] [worker-us-central1-api-api-d09265aa-38d3-40d0-a30e-eb56d3169bdd]: BUSY {"metadata":{"emulator":{"name":"functions"},"message":"[worker-us-central1-api-api-d09265aa-38d3-40d0-a30e-eb56d3169bdd]: BUSY"}}
[debug] [2021-09-06T06:26:22.800Z] [runtime-status] [35324] Trigger "us-central1-api-api" has been found, beginning invocation! {"metadata":{"emulator":{"name":"functions"},"function":{"name":"us-central1-api-api"},"message":"[runtime-status] [35324] Trigger \"us-central1-api-api\" has been found, beginning invocation!"}}
[info] i  functions: Beginning execution of "us-central1-api-api" {"metadata":{"emulator":{"name":"functions"},"function":{"name":"us-central1-api-api"},"message":"Beginning execution of \"us-central1-api-api\""}}
[debug] [2021-09-06T06:26:22.801Z] [runtime-status] [35324] triggerDefinition {"httpsTrigger":{},"name":"api-api","entryPoint":"api.api","regions":["us-central1"],"region":"us-central1","id":"us-central1-api-api"} {"metadata":{"emulator":{"name":"functions"},"function":{"name":"us-central1-api-api"},"message":"[runtime-status] [35324] triggerDefinition {\"httpsTrigger\":{},\"name\":\"api-api\",\"entryPoint\":\"api.api\",\"regions\":[\"us-central1\"],\"region\":\"us-central1\",\"id\":\"us-central1-api-api\"}"}}
[debug] [2021-09-06T06:26:22.801Z] [runtime-status] [35324] Running us-central1-api-api in mode HTTPS {"metadata":{"emulator":{"name":"functions"},"function":{"name":"us-central1-api-api"},"message":"[runtime-status] [35324] Running us-central1-api-api in mode HTTPS"}}
[debug] [2021-09-06T06:26:22.802Z] [runtime-status] [35324] Attempting to listen to socketPath: \\?\pipe\C:\UserData\z00423yc\Documents\GitHub\d3_nodemap\functions\35324 {"metadata":{"emulator":{"name":"functions"},"function":{"name":"us-central1-api-api"},"message":"[runtime-status] [35324] Attempting to listen to socketPath: \\\\?\\pipe\\C:\\UserData\\z00423yc\\Documents\\GitHub\\d3_nodemap\\functions\\35324"}}
[debug] [2021-09-06T06:26:22.803Z] [functions] Runtime ready! Sending request! {"metadata":{"emulator":{"name":"functions"},"message":"[functions] Runtime ready! Sending request!"}}
[debug] [2021-09-06T06:26:22.803Z] [functions] Got req.url=/nodemap-app/us-central1/api-api/plans/nodes?user=Demo1&title=Your%20first%20plan!, mapping to path=/plans/nodes?user=Demo1&title=Your%20first%20plan! {"metadata":{"emulator":{"name":"functions"},"message":"[functions] Got req.url=/nodemap-app/us-central1/api-api/plans/nodes?user=Demo1&title=Your%20first%20plan!, mapping to path=/plans/nodes?user=Demo1&title=Your%20first%20plan!"}}
[debug] [2021-09-06T06:26:22.808Z] [runtime-status] [35324] Ephemeral server handling GET request {"metadata":{"emulator":{"name":"functions"},"function":{"name":"us-central1-api-api"},"message":"[runtime-status] [35324] Ephemeral server handling GET request"}}
[debug] [2021-09-06T06:26:22.810Z] [runtime-status] [35324] Ephemeral server survived. {"metadata":{"emulator":{"name":"functions"},"function":{"name":"us-central1-api-api"},"message":"[runtime-status] [35324] Ephemeral server survived."}}
[info] i  functions: Finished "us-central1-api-api" in ~1s {"metadata":{"emulator":{"name":"functions"},"function":{"name":"us-central1-api-api"},"message":"Finished \"us-central1-api-api\" in ~1s"}}
[debug] [2021-09-06T06:26:22.903Z] [worker-us-central1-api-api-d09265aa-38d3-40d0-a30e-eb56d3169bdd]: IDLE {"metadata":{"emulator":{"name":"functions"},"message":"[worker-us-central1-api-api-d09265aa-38d3-40d0-a30e-eb56d3169bdd]: IDLE"}}
[debug] [2021-09-06T06:26:22.903Z] [work-queue] {"queueLength":0,"workRunningCount":0}
[debug] [2021-09-06T06:26:29.687Z] [work-queue] {"queueLength":1,"workRunningCount":0}
[debug] [2021-09-06T06:26:29.688Z] [work-queue] {"queueLength":0,"workRunningCount":1}
[debug] [2021-09-06T06:26:29.688Z] Accepted request GET /nodemap-app/us-central1/api-api/plans?user=Demo1 --> us-central1-api-api
[debug] [2021-09-06T06:26:29.688Z] [worker-pool] submitWork(triggerId=us-central1-api-api) {"metadata":{"emulator":{"name":"functions"},"message":"[worker-pool] submitWork(triggerId=us-central1-api-api)"}}
[debug] [2021-09-06T06:26:29.688Z] [worker-us-central1-api-api-d09265aa-38d3-40d0-a30e-eb56d3169bdd]: Assigning socketPath: \\?\pipe\C:\UserData\z00423yc\Documents\GitHub\d3_nodemap\functions\35324 {"metadata":{"emulator":{"name":"functions"},"message":"[worker-us-central1-api-api-d09265aa-38d3-40d0-a30e-eb56d3169bdd]: Assigning socketPath: \\\\?\\pipe\\C:\\UserData\\z00423yc\\Documents\\GitHub\\d3_nodemap\\functions\\35324"}}
[debug] [2021-09-06T06:26:29.688Z] [worker-us-central1-api-api-d09265aa-38d3-40d0-a30e-eb56d3169bdd]: BUSY {"metadata":{"emulator":{"name":"functions"},"message":"[worker-us-central1-api-api-d09265aa-38d3-40d0-a30e-eb56d3169bdd]: BUSY"}}
[debug] [2021-09-06T06:26:29.690Z] [runtime-status] [35324] Trigger "us-central1-api-api" has been found, beginning invocation! {"metadata":{"emulator":{"name":"functions"},"function":{"name":"us-central1-api-api"},"message":"[runtime-status] [35324] Trigger \"us-central1-api-api\" has been found, beginning invocation!"}}
[info] i  functions: Beginning execution of "us-central1-api-api" {"metadata":{"emulator":{"name":"functions"},"function":{"name":"us-central1-api-api"},"message":"Beginning execution of \"us-central1-api-api\""}}
[debug] [2021-09-06T06:26:29.692Z] [runtime-status] [35324] triggerDefinition {"httpsTrigger":{},"name":"api-api","entryPoint":"api.api","regions":["us-central1"],"region":"us-central1","id":"us-central1-api-api"} {"metadata":{"emulator":{"name":"functions"},"function":{"name":"us-central1-api-api"},"message":"[runtime-status] [35324] triggerDefinition {\"httpsTrigger\":{},\"name\":\"api-api\",\"entryPoint\":\"api.api\",\"regions\":[\"us-central1\"],\"region\":\"us-central1\",\"id\":\"us-central1-api-api\"}"}}
[debug] [2021-09-06T06:26:29.692Z] [runtime-status] [35324] Running us-central1-api-api in mode HTTPS {"metadata":{"emulator":{"name":"functions"},"function":{"name":"us-central1-api-api"},"message":"[runtime-status] [35324] Running us-central1-api-api in mode HTTPS"}}
[debug] [2021-09-06T06:26:29.692Z] [runtime-status] [35324] Attempting to listen to socketPath: \\?\pipe\C:\UserData\z00423yc\Documents\GitHub\d3_nodemap\functions\35324 {"metadata":{"emulator":{"name":"functions"},"function":{"name":"us-central1-api-api"},"message":"[runtime-status] [35324] Attempting to listen to socketPath: \\\\?\\pipe\\C:\\UserData\\z00423yc\\Documents\\GitHub\\d3_nodemap\\functions\\35324"}}
[debug] [2021-09-06T06:26:29.695Z] [functions] Runtime ready! Sending request! {"metadata":{"emulator":{"name":"functions"},"message":"[functions] Runtime ready! Sending request!"}}
[debug] [2021-09-06T06:26:29.696Z] [functions] Got req.url=/nodemap-app/us-central1/api-api/plans?user=Demo1, mapping to path=/plans?user=Demo1 {"metadata":{"emulator":{"name":"functions"},"message":"[functions] Got req.url=/nodemap-app/us-central1/api-api/plans?user=Demo1, mapping to path=/plans?user=Demo1"}}
[debug] [2021-09-06T06:26:29.702Z] [runtime-status] [35324] Ephemeral server handling GET request {"metadata":{"emulator":{"name":"functions"},"function":{"name":"us-central1-api-api"},"message":"[runtime-status] [35324] Ephemeral server handling GET request"}}
[debug] [2021-09-06T06:26:29.703Z] [runtime-status] [35324] Ephemeral server survived. {"metadata":{"emulator":{"name":"functions"},"function":{"name":"us-central1-api-api"},"message":"[runtime-status] [35324] Ephemeral server survived."}}
[info] i  functions: Finished "us-central1-api-api" in ~1s {"metadata":{"emulator":{"name":"functions"},"function":{"name":"us-central1-api-api"},"message":"Finished \"us-central1-api-api\" in ~1s"}}
[debug] [2021-09-06T06:26:29.808Z] [worker-us-central1-api-api-d09265aa-38d3-40d0-a30e-eb56d3169bdd]: IDLE {"metadata":{"emulator":{"name":"functions"},"message":"[worker-us-central1-api-api-d09265aa-38d3-40d0-a30e-eb56d3169bdd]: IDLE"}}
[debug] [2021-09-06T06:26:29.809Z] [work-queue] {"queueLength":0,"workRunningCount":0}
[debug] [2021-09-06T06:26:29.813Z] [work-queue] {"queueLength":1,"workRunningCount":0}
[debug] [2021-09-06T06:26:29.813Z] [work-queue] {"queueLength":0,"workRunningCount":1}
[debug] [2021-09-06T06:26:29.813Z] Accepted request GET /nodemap-app/us-central1/api-api/plans/nodes?user=Demo1&title=Your%20first%20plan! --> us-central1-api-api
[debug] [2021-09-06T06:26:29.814Z] [worker-pool] submitWork(triggerId=us-central1-api-api) {"metadata":{"emulator":{"name":"functions"},"message":"[worker-pool] submitWork(triggerId=us-central1-api-api)"}}
[debug] [2021-09-06T06:26:29.814Z] [worker-us-central1-api-api-d09265aa-38d3-40d0-a30e-eb56d3169bdd]: Assigning socketPath: \\?\pipe\C:\UserData\z00423yc\Documents\GitHub\d3_nodemap\functions\35324 {"metadata":{"emulator":{"name":"functions"},"message":"[worker-us-central1-api-api-d09265aa-38d3-40d0-a30e-eb56d3169bdd]: Assigning socketPath: \\\\?\\pipe\\C:\\UserData\\z00423yc\\Documents\\GitHub\\d3_nodemap\\functions\\35324"}}
[debug] [2021-09-06T06:26:29.814Z] [worker-us-central1-api-api-d09265aa-38d3-40d0-a30e-eb56d3169bdd]: BUSY {"metadata":{"emulator":{"name":"functions"},"message":"[worker-us-central1-api-api-d09265aa-38d3-40d0-a30e-eb56d3169bdd]: BUSY"}}
[debug] [2021-09-06T06:26:29.822Z] [runtime-status] [35324] Trigger "us-central1-api-api" has been found, beginning invocation! {"metadata":{"emulator":{"name":"functions"},"function":{"name":"us-central1-api-api"},"message":"[runtime-status] [35324] Trigger \"us-central1-api-api\" has been found, beginning invocation!"}}
[info] i  functions: Beginning execution of "us-central1-api-api" {"metadata":{"emulator":{"name":"functions"},"function":{"name":"us-central1-api-api"},"message":"Beginning execution of \"us-central1-api-api\""}}
[debug] [2021-09-06T06:26:29.823Z] [runtime-status] [35324] triggerDefinition {"httpsTrigger":{},"name":"api-api","entryPoint":"api.api","regions":["us-central1"],"region":"us-central1","id":"us-central1-api-api"} {"metadata":{"emulator":{"name":"functions"},"function":{"name":"us-central1-api-api"},"message":"[runtime-status] [35324] triggerDefinition {\"httpsTrigger\":{},\"name\":\"api-api\",\"entryPoint\":\"api.api\",\"regions\":[\"us-central1\"],\"region\":\"us-central1\",\"id\":\"us-central1-api-api\"}"}}
[debug] [2021-09-06T06:26:29.823Z] [runtime-status] [35324] Running us-central1-api-api in mode HTTPS {"metadata":{"emulator":{"name":"functions"},"function":{"name":"us-central1-api-api"},"message":"[runtime-status] [35324] Running us-central1-api-api in mode HTTPS"}}
[debug] [2021-09-06T06:26:29.824Z] [runtime-status] [35324] Attempting to listen to socketPath: \\?\pipe\C:\UserData\z00423yc\Documents\GitHub\d3_nodemap\functions\35324 {"metadata":{"emulator":{"name":"functions"},"function":{"name":"us-central1-api-api"},"message":"[runtime-status] [35324] Attempting to listen to socketPath: \\\\?\\pipe\\C:\\UserData\\z00423yc\\Documents\\GitHub\\d3_nodemap\\functions\\35324"}}
[debug] [2021-09-06T06:26:29.825Z] [functions] Runtime ready! Sending request! {"metadata":{"emulator":{"name":"functions"},"message":"[functions] Runtime ready! Sending request!"}}
[debug] [2021-09-06T06:26:29.825Z] [functions] Got req.url=/nodemap-app/us-central1/api-api/plans/nodes?user=Demo1&title=Your%20first%20plan!, mapping to path=/plans/nodes?user=Demo1&title=Your%20first%20plan! {"metadata":{"emulator":{"name":"functions"},"message":"[functions] Got req.url=/nodemap-app/us-central1/api-api/plans/nodes?user=Demo1&title=Your%20first%20plan!, mapping to path=/plans/nodes?user=Demo1&title=Your%20first%20plan!"}}
[debug] [2021-09-06T06:26:29.829Z] [runtime-status] [35324] Ephemeral server handling GET request {"metadata":{"emulator":{"name":"functions"},"function":{"name":"us-central1-api-api"},"message":"[runtime-status] [35324] Ephemeral server handling GET request"}}
[debug] [2021-09-06T06:26:29.829Z] [runtime-status] [35324] Ephemeral server survived. {"metadata":{"emulator":{"name":"functions"},"function":{"name":"us-central1-api-api"},"message":"[runtime-status] [35324] Ephemeral server survived."}}
[info] i  functions: Finished "us-central1-api-api" in ~1s {"metadata":{"emulator":{"name":"functions"},"function":{"name":"us-central1-api-api"},"message":"Finished \"us-central1-api-api\" in ~1s"}}
[debug] [2021-09-06T06:26:29.894Z] [worker-us-central1-api-api-d09265aa-38d3-40d0-a30e-eb56d3169bdd]: IDLE {"metadata":{"emulator":{"name":"functions"},"message":"[worker-us-central1-api-api-d09265aa-38d3-40d0-a30e-eb56d3169bdd]: IDLE"}}
[debug] [2021-09-06T06:26:29.895Z] [work-queue] {"queueLength":0,"workRunningCount":0}
[debug] [2021-09-06T06:28:29.958Z] [work-queue] {"queueLength":1,"workRunningCount":0}
[debug] [2021-09-06T06:28:29.958Z] [work-queue] {"queueLength":0,"workRunningCount":1}
[debug] [2021-09-06T06:28:29.959Z] Accepted request GET /nodemap-app/us-central1/api-api/plans?user=Demo1 --> us-central1-api-api
[debug] [2021-09-06T06:28:29.959Z] [worker-pool] submitWork(triggerId=us-central1-api-api) {"metadata":{"emulator":{"name":"functions"},"message":"[worker-pool] submitWork(triggerId=us-central1-api-api)"}}
[debug] [2021-09-06T06:28:29.959Z] [worker-us-central1-api-api-d09265aa-38d3-40d0-a30e-eb56d3169bdd]: Assigning socketPath: \\?\pipe\C:\UserData\z00423yc\Documents\GitHub\d3_nodemap\functions\35324 {"metadata":{"emulator":{"name":"functions"},"message":"[worker-us-central1-api-api-d09265aa-38d3-40d0-a30e-eb56d3169bdd]: Assigning socketPath: \\\\?\\pipe\\C:\\UserData\\z00423yc\\Documents\\GitHub\\d3_nodemap\\functions\\35324"}}
[debug] [2021-09-06T06:28:29.959Z] [worker-us-central1-api-api-d09265aa-38d3-40d0-a30e-eb56d3169bdd]: BUSY {"metadata":{"emulator":{"name":"functions"},"message":"[worker-us-central1-api-api-d09265aa-38d3-40d0-a30e-eb56d3169bdd]: BUSY"}}
[debug] [2021-09-06T06:28:29.960Z] [runtime-status] [35324] Trigger "us-central1-api-api" has been found, beginning invocation! {"metadata":{"emulator":{"name":"functions"},"function":{"name":"us-central1-api-api"},"message":"[runtime-status] [35324] Trigger \"us-central1-api-api\" has been found, beginning invocation!"}}
[info] i  functions: Beginning execution of "us-central1-api-api" {"metadata":{"emulator":{"name":"functions"},"function":{"name":"us-central1-api-api"},"message":"Beginning execution of \"us-central1-api-api\""}}
[debug] [2021-09-06T06:28:29.962Z] [runtime-status] [35324] triggerDefinition {"httpsTrigger":{},"name":"api-api","entryPoint":"api.api","regions":["us-central1"],"region":"us-central1","id":"us-central1-api-api"} {"metadata":{"emulator":{"name":"functions"},"function":{"name":"us-central1-api-api"},"message":"[runtime-status] [35324] triggerDefinition {\"httpsTrigger\":{},\"name\":\"api-api\",\"entryPoint\":\"api.api\",\"regions\":[\"us-central1\"],\"region\":\"us-central1\",\"id\":\"us-central1-api-api\"}"}}
[debug] [2021-09-06T06:28:29.963Z] [runtime-status] [35324] Running us-central1-api-api in mode HTTPS {"metadata":{"emulator":{"name":"functions"},"function":{"name":"us-central1-api-api"},"message":"[runtime-status] [35324] Running us-central1-api-api in mode HTTPS"}}
[debug] [2021-09-06T06:28:29.963Z] [runtime-status] [35324] Attempting to listen to socketPath: \\?\pipe\C:\UserData\z00423yc\Documents\GitHub\d3_nodemap\functions\35324 {"metadata":{"emulator":{"name":"functions"},"function":{"name":"us-central1-api-api"},"message":"[runtime-status] [35324] Attempting to listen to socketPath: \\\\?\\pipe\\C:\\UserData\\z00423yc\\Documents\\GitHub\\d3_nodemap\\functions\\35324"}}
[debug] [2021-09-06T06:28:29.965Z] [functions] Runtime ready! Sending request! {"metadata":{"emulator":{"name":"functions"},"message":"[functions] Runtime ready! Sending request!"}}
[debug] [2021-09-06T06:28:29.965Z] [functions] Got req.url=/nodemap-app/us-central1/api-api/plans?user=Demo1, mapping to path=/plans?user=Demo1 {"metadata":{"emulator":{"name":"functions"},"message":"[functions] Got req.url=/nodemap-app/us-central1/api-api/plans?user=Demo1, mapping to path=/plans?user=Demo1"}}
[debug] [2021-09-06T06:28:29.970Z] [runtime-status] [35324] Ephemeral server handling GET request {"metadata":{"emulator":{"name":"functions"},"function":{"name":"us-central1-api-api"},"message":"[runtime-status] [35324] Ephemeral server handling GET request"}}
[debug] [2021-09-06T06:28:29.973Z] [runtime-status] [35324] Ephemeral server survived. {"metadata":{"emulator":{"name":"functions"},"function":{"name":"us-central1-api-api"},"message":"[runtime-status] [35324] Ephemeral server survived."}}
[info] i  functions: Finished "us-central1-api-api" in ~1s {"metadata":{"emulator":{"name":"functions"},"function":{"name":"us-central1-api-api"},"message":"Finished \"us-central1-api-api\" in ~1s"}}
[debug] [2021-09-06T06:28:30.083Z] [worker-us-central1-api-api-d09265aa-38d3-40d0-a30e-eb56d3169bdd]: IDLE {"metadata":{"emulator":{"name":"functions"},"message":"[worker-us-central1-api-api-d09265aa-38d3-40d0-a30e-eb56d3169bdd]: IDLE"}}
[debug] [2021-09-06T06:28:30.083Z] [work-queue] {"queueLength":0,"workRunningCount":0}
[debug] [2021-09-06T06:28:30.087Z] [work-queue] {"queueLength":1,"workRunningCount":0}
[debug] [2021-09-06T06:28:30.088Z] [work-queue] {"queueLength":0,"workRunningCount":1}
[debug] [2021-09-06T06:28:30.088Z] Accepted request GET /nodemap-app/us-central1/api-api/plans/nodes?user=Demo1&title=Your%20first%20plan! --> us-central1-api-api
[debug] [2021-09-06T06:28:30.088Z] [worker-pool] submitWork(triggerId=us-central1-api-api) {"metadata":{"emulator":{"name":"functions"},"message":"[worker-pool] submitWork(triggerId=us-central1-api-api)"}}
[debug] [2021-09-06T06:28:30.088Z] [worker-us-central1-api-api-d09265aa-38d3-40d0-a30e-eb56d3169bdd]: Assigning socketPath: \\?\pipe\C:\UserData\z00423yc\Documents\GitHub\d3_nodemap\functions\35324 {"metadata":{"emulator":{"name":"functions"},"message":"[worker-us-central1-api-api-d09265aa-38d3-40d0-a30e-eb56d3169bdd]: Assigning socketPath: \\\\?\\pipe\\C:\\UserData\\z00423yc\\Documents\\GitHub\\d3_nodemap\\functions\\35324"}}
[debug] [2021-09-06T06:28:30.088Z] [worker-us-central1-api-api-d09265aa-38d3-40d0-a30e-eb56d3169bdd]: BUSY {"metadata":{"emulator":{"name":"functions"},"message":"[worker-us-central1-api-api-d09265aa-38d3-40d0-a30e-eb56d3169bdd]: BUSY"}}
[debug] [2021-09-06T06:28:30.095Z] [runtime-status] [35324] Trigger "us-central1-api-api" has been found, beginning invocation! {"metadata":{"emulator":{"name":"functions"},"function":{"name":"us-central1-api-api"},"message":"[runtime-status] [35324] Trigger \"us-central1-api-api\" has been found, beginning invocation!"}}
[info] i  functions: Beginning execution of "us-central1-api-api" {"metadata":{"emulator":{"name":"functions"},"function":{"name":"us-central1-api-api"},"message":"Beginning execution of \"us-central1-api-api\""}}
[debug] [2021-09-06T06:28:30.097Z] [runtime-status] [35324] triggerDefinition {"httpsTrigger":{},"name":"api-api","entryPoint":"api.api","regions":["us-central1"],"region":"us-central1","id":"us-central1-api-api"} {"metadata":{"emulator":{"name":"functions"},"function":{"name":"us-central1-api-api"},"message":"[runtime-status] [35324] triggerDefinition {\"httpsTrigger\":{},\"name\":\"api-api\",\"entryPoint\":\"api.api\",\"regions\":[\"us-central1\"],\"region\":\"us-central1\",\"id\":\"us-central1-api-api\"}"}}
[debug] [2021-09-06T06:28:30.097Z] [runtime-status] [35324] Running us-central1-api-api in mode HTTPS {"metadata":{"emulator":{"name":"functions"},"function":{"name":"us-central1-api-api"},"message":"[runtime-status] [35324] Running us-central1-api-api in mode HTTPS"}}
[debug] [2021-09-06T06:28:30.098Z] [runtime-status] [35324] Attempting to listen to socketPath: \\?\pipe\C:\UserData\z00423yc\Documents\GitHub\d3_nodemap\functions\35324 {"metadata":{"emulator":{"name":"functions"},"function":{"name":"us-central1-api-api"},"message":"[runtime-status] [35324] Attempting to listen to socketPath: \\\\?\\pipe\\C:\\UserData\\z00423yc\\Documents\\GitHub\\d3_nodemap\\functions\\35324"}}
[debug] [2021-09-06T06:28:30.100Z] [functions] Runtime ready! Sending request! {"metadata":{"emulator":{"name":"functions"},"message":"[functions] Runtime ready! Sending request!"}}
[debug] [2021-09-06T06:28:30.100Z] [functions] Got req.url=/nodemap-app/us-central1/api-api/plans/nodes?user=Demo1&title=Your%20first%20plan!, mapping to path=/plans/nodes?user=Demo1&title=Your%20first%20plan! {"metadata":{"emulator":{"name":"functions"},"message":"[functions] Got req.url=/nodemap-app/us-central1/api-api/plans/nodes?user=Demo1&title=Your%20first%20plan!, mapping to path=/plans/nodes?user=Demo1&title=Your%20first%20plan!"}}
[debug] [2021-09-06T06:28:30.104Z] [runtime-status] [35324] Ephemeral server handling GET request {"metadata":{"emulator":{"name":"functions"},"function":{"name":"us-central1-api-api"},"message":"[runtime-status] [35324] Ephemeral server handling GET request"}}
[debug] [2021-09-06T06:28:30.104Z] [runtime-status] [35324] Ephemeral server survived. {"metadata":{"emulator":{"name":"functions"},"function":{"name":"us-central1-api-api"},"message":"[runtime-status] [35324] Ephemeral server survived."}}
[info] i  functions: Finished "us-central1-api-api" in ~1s {"metadata":{"emulator":{"name":"functions"},"function":{"name":"us-central1-api-api"},"message":"Finished \"us-central1-api-api\" in ~1s"}}
[debug] [2021-09-06T06:28:30.193Z] [worker-us-central1-api-api-d09265aa-38d3-40d0-a30e-eb56d3169bdd]: IDLE {"metadata":{"emulator":{"name":"functions"},"message":"[worker-us-central1-api-api-d09265aa-38d3-40d0-a30e-eb56d3169bdd]: IDLE"}}
[debug] [2021-09-06T06:28:30.193Z] [work-queue] {"queueLength":0,"workRunningCount":0}
[debug] [2021-09-06T06:30:11.119Z] [work-queue] {"queueLength":1,"workRunningCount":0}
[debug] [2021-09-06T06:30:11.119Z] [work-queue] {"queueLength":0,"workRunningCount":1}
[debug] [2021-09-06T06:30:11.119Z] Accepted request GET /nodemap-app/us-central1/api-api/plans?user=Demo1 --> us-central1-api-api
[debug] [2021-09-06T06:30:11.119Z] [worker-pool] submitWork(triggerId=us-central1-api-api) {"metadata":{"emulator":{"name":"functions"},"message":"[worker-pool] submitWork(triggerId=us-central1-api-api)"}}
[debug] [2021-09-06T06:30:11.119Z] [worker-us-central1-api-api-d09265aa-38d3-40d0-a30e-eb56d3169bdd]: Assigning socketPath: \\?\pipe\C:\UserData\z00423yc\Documents\GitHub\d3_nodemap\functions\35324 {"metadata":{"emulator":{"name":"functions"},"message":"[worker-us-central1-api-api-d09265aa-38d3-40d0-a30e-eb56d3169bdd]: Assigning socketPath: \\\\?\\pipe\\C:\\UserData\\z00423yc\\Documents\\GitHub\\d3_nodemap\\functions\\35324"}}
[debug] [2021-09-06T06:30:11.120Z] [worker-us-central1-api-api-d09265aa-38d3-40d0-a30e-eb56d3169bdd]: BUSY {"metadata":{"emulator":{"name":"functions"},"message":"[worker-us-central1-api-api-d09265aa-38d3-40d0-a30e-eb56d3169bdd]: BUSY"}}
[debug] [2021-09-06T06:30:11.121Z] [runtime-status] [35324] Trigger "us-central1-api-api" has been found, beginning invocation! {"metadata":{"emulator":{"name":"functions"},"function":{"name":"us-central1-api-api"},"message":"[runtime-status] [35324] Trigger \"us-central1-api-api\" has been found, beginning invocation!"}}
[info] i  functions: Beginning execution of "us-central1-api-api" {"metadata":{"emulator":{"name":"functions"},"function":{"name":"us-central1-api-api"},"message":"Beginning execution of \"us-central1-api-api\""}}
[debug] [2021-09-06T06:30:11.122Z] [runtime-status] [35324] triggerDefinition {"httpsTrigger":{},"name":"api-api","entryPoint":"api.api","regions":["us-central1"],"region":"us-central1","id":"us-central1-api-api"} {"metadata":{"emulator":{"name":"functions"},"function":{"name":"us-central1-api-api"},"message":"[runtime-status] [35324] triggerDefinition {\"httpsTrigger\":{},\"name\":\"api-api\",\"entryPoint\":\"api.api\",\"regions\":[\"us-central1\"],\"region\":\"us-central1\",\"id\":\"us-central1-api-api\"}"}}
[debug] [2021-09-06T06:30:11.123Z] [runtime-status] [35324] Running us-central1-api-api in mode HTTPS {"metadata":{"emulator":{"name":"functions"},"function":{"name":"us-central1-api-api"},"message":"[runtime-status] [35324] Running us-central1-api-api in mode HTTPS"}}
[debug] [2021-09-06T06:30:11.123Z] [runtime-status] [35324] Attempting to listen to socketPath: \\?\pipe\C:\UserData\z00423yc\Documents\GitHub\d3_nodemap\functions\35324 {"metadata":{"emulator":{"name":"functions"},"function":{"name":"us-central1-api-api"},"message":"[runtime-status] [35324] Attempting to listen to socketPath: \\\\?\\pipe\\C:\\UserData\\z00423yc\\Documents\\GitHub\\d3_nodemap\\functions\\35324"}}
[debug] [2021-09-06T06:30:11.124Z] [functions] Runtime ready! Sending request! {"metadata":{"emulator":{"name":"functions"},"message":"[functions] Runtime ready! Sending request!"}}
[debug] [2021-09-06T06:30:11.125Z] [functions] Got req.url=/nodemap-app/us-central1/api-api/plans?user=Demo1, mapping to path=/plans?user=Demo1 {"metadata":{"emulator":{"name":"functions"},"message":"[functions] Got req.url=/nodemap-app/us-central1/api-api/plans?user=Demo1, mapping to path=/plans?user=Demo1"}}
[debug] [2021-09-06T06:30:11.127Z] [runtime-status] [35324] Ephemeral server handling GET request {"metadata":{"emulator":{"name":"functions"},"function":{"name":"us-central1-api-api"},"message":"[runtime-status] [35324] Ephemeral server handling GET request"}}
[debug] [2021-09-06T06:30:11.129Z] [runtime-status] [35324] Ephemeral server survived. {"metadata":{"emulator":{"name":"functions"},"function":{"name":"us-central1-api-api"},"message":"[runtime-status] [35324] Ephemeral server survived."}}
[info] i  functions: Finished "us-central1-api-api" in ~1s {"metadata":{"emulator":{"name":"functions"},"function":{"name":"us-central1-api-api"},"message":"Finished \"us-central1-api-api\" in ~1s"}}
[debug] [2021-09-06T06:30:11.229Z] [worker-us-central1-api-api-d09265aa-38d3-40d0-a30e-eb56d3169bdd]: IDLE {"metadata":{"emulator":{"name":"functions"},"message":"[worker-us-central1-api-api-d09265aa-38d3-40d0-a30e-eb56d3169bdd]: IDLE"}}
[debug] [2021-09-06T06:30:11.229Z] [work-queue] {"queueLength":0,"workRunningCount":0}
[debug] [2021-09-06T06:30:11.233Z] [work-queue] {"queueLength":1,"workRunningCount":0}
[debug] [2021-09-06T06:30:11.234Z] [work-queue] {"queueLength":0,"workRunningCount":1}
[debug] [2021-09-06T06:30:11.234Z] Accepted request GET /nodemap-app/us-central1/api-api/plans/nodes?user=Demo1&title=Your%20first%20plan! --> us-central1-api-api
[debug] [2021-09-06T06:30:11.234Z] [worker-pool] submitWork(triggerId=us-central1-api-api) {"metadata":{"emulator":{"name":"functions"},"message":"[worker-pool] submitWork(triggerId=us-central1-api-api)"}}
[debug] [2021-09-06T06:30:11.234Z] [worker-us-central1-api-api-d09265aa-38d3-40d0-a30e-eb56d3169bdd]: Assigning socketPath: \\?\pipe\C:\UserData\z00423yc\Documents\GitHub\d3_nodemap\functions\35324 {"metadata":{"emulator":{"name":"functions"},"message":"[worker-us-central1-api-api-d09265aa-38d3-40d0-a30e-eb56d3169bdd]: Assigning socketPath: \\\\?\\pipe\\C:\\UserData\\z00423yc\\Documents\\GitHub\\d3_nodemap\\functions\\35324"}}
[debug] [2021-09-06T06:30:11.234Z] [worker-us-central1-api-api-d09265aa-38d3-40d0-a30e-eb56d3169bdd]: BUSY {"metadata":{"emulator":{"name":"functions"},"message":"[worker-us-central1-api-api-d09265aa-38d3-40d0-a30e-eb56d3169bdd]: BUSY"}}
[debug] [2021-09-06T06:30:11.240Z] [runtime-status] [35324] Trigger "us-central1-api-api" has been found, beginning invocation! {"metadata":{"emulator":{"name":"functions"},"function":{"name":"us-central1-api-api"},"message":"[runtime-status] [35324] Trigger \"us-central1-api-api\" has been found, beginning invocation!"}}
[info] i  functions: Beginning execution of "us-central1-api-api" {"metadata":{"emulator":{"name":"functions"},"function":{"name":"us-central1-api-api"},"message":"Beginning execution of \"us-central1-api-api\""}}
[debug] [2021-09-06T06:30:11.241Z] [runtime-status] [35324] triggerDefinition {"httpsTrigger":{},"name":"api-api","entryPoint":"api.api","regions":["us-central1"],"region":"us-central1","id":"us-central1-api-api"} {"metadata":{"emulator":{"name":"functions"},"function":{"name":"us-central1-api-api"},"message":"[runtime-status] [35324] triggerDefinition {\"httpsTrigger\":{},\"name\":\"api-api\",\"entryPoint\":\"api.api\",\"regions\":[\"us-central1\"],\"region\":\"us-central1\",\"id\":\"us-central1-api-api\"}"}}
[debug] [2021-09-06T06:30:11.241Z] [runtime-status] [35324] Running us-central1-api-api in mode HTTPS {"metadata":{"emulator":{"name":"functions"},"function":{"name":"us-central1-api-api"},"message":"[runtime-status] [35324] Running us-central1-api-api in mode HTTPS"}}
[debug] [2021-09-06T06:30:11.242Z] [runtime-status] [35324] Attempting to listen to socketPath: \\?\pipe\C:\UserData\z00423yc\Documents\GitHub\d3_nodemap\functions\35324 {"metadata":{"emulator":{"name":"functions"},"function":{"name":"us-central1-api-api"},"message":"[runtime-status] [35324] Attempting to listen to socketPath: \\\\?\\pipe\\C:\\UserData\\z00423yc\\Documents\\GitHub\\d3_nodemap\\functions\\35324"}}
[debug] [2021-09-06T06:30:11.243Z] [functions] Runtime ready! Sending request! {"metadata":{"emulator":{"name":"functions"},"message":"[functions] Runtime ready! Sending request!"}}
[debug] [2021-09-06T06:30:11.243Z] [functions] Got req.url=/nodemap-app/us-central1/api-api/plans/nodes?user=Demo1&title=Your%20first%20plan!, mapping to path=/plans/nodes?user=Demo1&title=Your%20first%20plan! {"metadata":{"emulator":{"name":"functions"},"message":"[functions] Got req.url=/nodemap-app/us-central1/api-api/plans/nodes?user=Demo1&title=Your%20first%20plan!, mapping to path=/plans/nodes?user=Demo1&title=Your%20first%20plan!"}}
[debug] [2021-09-06T06:30:11.247Z] [runtime-status] [35324] Ephemeral server handling GET request {"metadata":{"emulator":{"name":"functions"},"function":{"name":"us-central1-api-api"},"message":"[runtime-status] [35324] Ephemeral server handling GET request"}}
[debug] [2021-09-06T06:30:11.247Z] [runtime-status] [35324] Ephemeral server survived. {"metadata":{"emulator":{"name":"functions"},"function":{"name":"us-central1-api-api"},"message":"[runtime-status] [35324] Ephemeral server survived."}}
[info] i  functions: Finished "us-central1-api-api" in ~1s {"metadata":{"emulator":{"name":"functions"},"function":{"name":"us-central1-api-api"},"message":"Finished \"us-central1-api-api\" in ~1s"}}
[debug] [2021-09-06T06:30:11.345Z] [worker-us-central1-api-api-d09265aa-38d3-40d0-a30e-eb56d3169bdd]: IDLE {"metadata":{"emulator":{"name":"functions"},"message":"[worker-us-central1-api-api-d09265aa-38d3-40d0-a30e-eb56d3169bdd]: IDLE"}}
[debug] [2021-09-06T06:30:11.345Z] [work-queue] {"queueLength":0,"workRunningCount":0}
